# JRE version: Java(TM) SE Runtime Environment 18.9 (11.0.11+9) (build 11.0.11+9-LTS-194)
# Java VM: Java HotSpot(TM) 64-Bit Server VM 18.9 (11.0.11+9-LTS-194, mixed mode, tiered, compressed oops, g1 gc, windows-amd64)
Heap:
 garbage-first heap   total 258048K, used 120008K [0x0000000704600000, 0x0000000800000000)
  region size 1024K, 110 young (112640K), 15 survivors (15360K)
 Metaspace       used 58844K, capacity 60326K, committed 60420K, reserved 1101824K
  class space    used 7034K, capacity 7617K, committed 7628K, reserved 1048576K
GC Heap History (10 events):
Event: 2.551 GC heap before
{Heap before GC invocations=2 (full 0):
 garbage-first heap   total 258048K, used 49222K [0x0000000704600000, 0x0000000800000000)
  region size 1024K, 40 young (40960K), 1 survivors (1024K)
 Metaspace       used 20704K, capacity 21149K, committed 21296K, reserved 1069056K
  class space    used 2183K, capacity 2380K, committed 2432K, reserved 1048576K
}
Event: 2.556 GC heap after
{Heap after GC invocations=3 (full 0):
 garbage-first heap   total 258048K, used 12570K [0x0000000704600000, 0x0000000800000000)
  region size 1024K, 4 young (4096K), 4 survivors (4096K)
 Metaspace       used 20704K, capacity 21149K, committed 21296K, reserved 1069056K
  class space    used 2183K, capacity 2380K, committed 2432K, reserved 1048576K
}
Event: 3.323 GC heap before
{Heap before GC invocations=4 (full 0):
 garbage-first heap   total 258048K, used 74010K [0x0000000704600000, 0x0000000800000000)
  region size 1024K, 65 young (66560K), 4 survivors (4096K)
 Metaspace       used 29682K, capacity 30264K, committed 30384K, reserved 1077248K
  class space    used 3310K, capacity 3567K, committed 3584K, reserved 1048576K
}
Event: 3.328 GC heap after
{Heap after GC invocations=5 (full 0):
 garbage-first heap   total 258048K, used 14241K [0x0000000704600000, 0x0000000800000000)
  region size 1024K, 5 young (5120K), 5 survivors (5120K)
 Metaspace       used 29682K, capacity 30264K, committed 30384K, reserved 1077248K
  class space    used 3310K, capacity 3567K, committed 3584K, reserved 1048576K
}
Event: 3.860 GC heap before
{Heap before GC invocations=5 (full 0):
 garbage-first heap   total 258048K, used 119713K [0x0000000704600000, 0x0000000800000000)
  region size 1024K, 110 young (112640K), 5 survivors (5120K)
 Metaspace       used 35150K, capacity 35816K, committed 35920K, reserved 1081344K
  class space    used 4063K, capacity 4342K, committed 4352K, reserved 1048576K
}
Event: 3.868 GC heap after
{Heap after GC invocations=6 (full 0):
 garbage-first heap   total 258048K, used 16937K [0x0000000704600000, 0x0000000800000000)
  region size 1024K, 8 young (8192K), 8 survivors (8192K)
 Metaspace       used 35150K, capacity 35816K, committed 35920K, reserved 1081344K
  class space    used 4063K, capacity 4342K, committed 4352K, reserved 1048576K
}
Event: 4.967 GC heap before
{Heap before GC invocations=7 (full 0):
 garbage-first heap   total 258048K, used 152105K [0x0000000704600000, 0x0000000800000000)
  region size 1024K, 141 young (144384K), 8 survivors (8192K)
 Metaspace       used 42390K, capacity 43230K, committed 43548K, reserved 1087488K
  class space    used 4863K, capacity 5190K, committed 5324K, reserved 1048576K
}
Event: 4.978 GC heap after
{Heap after GC invocations=8 (full 0):
 garbage-first heap   total 258048K, used 20405K [0x0000000704600000, 0x0000000800000000)
  region size 1024K, 11 young (11264K), 11 survivors (11264K)
 Metaspace       used 42390K, capacity 43230K, committed 43548K, reserved 1087488K
  class space    used 4863K, capacity 5190K, committed 5324K, reserved 1048576K
}
Event: 6.741 GC heap before
{Heap before GC invocations=8 (full 0):
 garbage-first heap   total 258048K, used 162741K [0x0000000704600000, 0x0000000800000000)
  region size 1024K, 151 young (154624K), 11 survivors (11264K)
 Metaspace       used 51267K, capacity 52386K, committed 52636K, reserved 1095680K
  class space    used 5976K, capacity 6424K, committed 6476K, reserved 1048576K
}
Event: 6.755 GC heap after
{Heap after GC invocations=9 (full 0):
 garbage-first heap   total 258048K, used 24776K [0x0000000704600000, 0x0000000800000000)
  region size 1024K, 15 young (15360K), 15 survivors (15360K)
 Metaspace       used 51267K, capacity 52386K, committed 52636K, reserved 1095680K
  class space    used 5976K, capacity 6424K, committed 6476K, reserved 1048576K
}

